<?xml version="1.0" encoding="UTF-8"?>
<testng-results ignored="0" total="1" passed="1" failed="0" skipped="0">
  <reporter-output>
  </reporter-output>
  <suite started-at="2023-04-03T11:42:08 IST" name="Default suite" finished-at="2023-04-03T11:42:08 IST" duration-ms="368">
    <groups>
    </groups>
    <test started-at="2023-04-03T11:42:08 IST" name="Default test" finished-at="2023-04-03T11:42:08 IST" duration-ms="368">
      <class name="com.OrangeHrmTest.UserLoginTest">
        <test-method is-config="true" signature="LaunchApplication()[pri:0, instance:com.OrangeHrmTest.UserLoginTest@2053d869]" started-at="2023-04-03T11:41:57 IST" name="LaunchApplication" finished-at="2023-04-03T11:42:08 IST" duration-ms="11269" status="PASS">
          <reporter-output>
          </reporter-output>
        </test-method> <!-- LaunchApplication -->
        <test-method signature="UserLogin(java.lang.String,java.lang.String)[pri:0, instance:com.OrangeHrmTest.UserLoginTest@2053d869]" started-at="2023-04-03T11:42:08 IST" name="UserLogin" finished-at="2023-04-03T11:42:08 IST" duration-ms="304" status="PASS">
          <params>
            <param index="0">
              <value>
                <![CDATA[Sagar]]>
              </value>
            </param>
            <param index="1">
              <value>
                <![CDATA[Sagar123!@#]]>
              </value>
            </param>
          </params>
          <reporter-output>
          </reporter-output>
        </test-method> <!-- UserLogin -->
        <test-method is-config="true" signature="CloseApplication()[pri:0, instance:com.OrangeHrmTest.UserLoginTest@2053d869]" started-at="2023-04-03T11:42:08 IST" name="CloseApplication" finished-at="2023-04-03T11:42:09 IST" duration-ms="710" status="PASS">
          <reporter-output>
          </reporter-output>
        </test-method> <!-- CloseApplication -->
      </class> <!-- com.OrangeHrmTest.UserLoginTest -->
    </test> <!-- Default test -->
  </suite> <!-- Default suite -->
</testng-results>
